  main.cpp
C:\Users\oriol\source\repos\SnakeGame\main.cpp(20,9): error C2065: 'STOP': undeclared identifier
C:\Users\oriol\source\repos\SnakeGame\main.cpp(79,15): error C2065: 'LEFT': undeclared identifier
C:\Users\oriol\source\repos\SnakeGame\main.cpp(82,15): error C2065: 'DOWN': undeclared identifier
C:\Users\oriol\source\repos\SnakeGame\main.cpp(85,15): error C2065: 'RIGHT': undeclared identifier
C:\Users\oriol\source\repos\SnakeGame\main.cpp(88,15): error C2065: 'UP': undeclared identifier
C:\Users\oriol\source\repos\SnakeGame\main.cpp(117,14): error C2065: 'UP': undeclared identifier
C:\Users\oriol\source\repos\SnakeGame\main.cpp(117,14): error C2131: expression did not evaluate to a constant
C:\Users\oriol\source\repos\SnakeGame\main.cpp(117,14): message : a non-constant (sub-)expression was encountered
C:\Users\oriol\source\repos\SnakeGame\main.cpp(120,14): error C2065: 'DOWN': undeclared identifier
C:\Users\oriol\source\repos\SnakeGame\main.cpp(120,14): error C2131: expression did not evaluate to a constant
C:\Users\oriol\source\repos\SnakeGame\main.cpp(120,14): message : a non-constant (sub-)expression was encountered
C:\Users\oriol\source\repos\SnakeGame\main.cpp(123,14): error C2065: 'LEFT': undeclared identifier
C:\Users\oriol\source\repos\SnakeGame\main.cpp(123,14): error C2131: expression did not evaluate to a constant
C:\Users\oriol\source\repos\SnakeGame\main.cpp(123,14): message : a non-constant (sub-)expression was encountered
C:\Users\oriol\source\repos\SnakeGame\main.cpp(126,14): error C2065: 'RIGHT': undeclared identifier
C:\Users\oriol\source\repos\SnakeGame\main.cpp(126,14): error C2131: expression did not evaluate to a constant
C:\Users\oriol\source\repos\SnakeGame\main.cpp(126,14): message : a non-constant (sub-)expression was encountered
C:\Users\oriol\source\repos\SnakeGame\main.cpp(117,1): error C2051: case expression not constant
C:\Users\oriol\source\repos\SnakeGame\main.cpp(120,1): error C2051: case expression not constant
C:\Users\oriol\source\repos\SnakeGame\main.cpp(123,1): error C2051: case expression not constant
C:\Users\oriol\source\repos\SnakeGame\main.cpp(126,1): error C2051: case expression not constant
C:\Users\oriol\source\repos\SnakeGame\main.cpp(131,5): warning C4065: switch statement contains 'default' but no 'case' labels
